<?xml version="1.0" encoding="UTF-8"?>
<testsuites name="Mocha Tests" time="31.337" tests="7" failures="6">
  <testsuite name="Root Suite" timestamp="2023-02-17T12:13:29" tests="0" file="cypress\e2e\smokeTest\logInPageSpec.cy.js" time="0.000" failures="0">
  </testsuite>
  <testsuite name="LogIn test suit" timestamp="2023-02-17T12:13:29" tests="7" time="31.318" failures="6">
    <testcase name="LogIn test suit TC_01.01 &gt; Verify that User is able to log in to the forum using a valid login and password" time="11.621" classname="TC_01.01 &gt; Verify that User is able to log in to the forum using a valid login and password">
    </testcase>
    <testcase name="LogIn test suit TC_01.02 &gt;  Verify that The user is not  able to log in to the forum using invalid login" time="0.000" classname="TC_01.02 &gt;  Verify that The user is not  able to log in to the forum using invalid login">
      <failure message="Cannot read properties of undefined (reading &apos;getConformationPopUp&apos;)" type="TypeError"><![CDATA[TypeError: Cannot read properties of undefined (reading 'getConformationPopUp')
    at Context.eval (webpack:///./cypress/e2e/smokeTest/logInPageSpec.cy.js:26:23)]]></failure>
    </testcase>
    <testcase name="LogIn test suit TC_01.03 &gt;  Verify that The user is not  able to log in to the forum using invalid password" time="0.000" classname="TC_01.03 &gt;  Verify that The user is not  able to log in to the forum using invalid password">
      <failure message="Cannot read properties of undefined (reading &apos;getConformationPopUp&apos;)" type="TypeError"><![CDATA[TypeError: Cannot read properties of undefined (reading 'getConformationPopUp')
    at Context.eval (webpack:///./cypress/e2e/smokeTest/logInPageSpec.cy.js:32:23)]]></failure>
    </testcase>
    <testcase name="LogIn test suit TC_01.04 &gt;Verify that User is able to sent A password reset email to the email address entered" time="0.000" classname="TC_01.04 &gt;Verify that User is able to sent A password reset email to the email address entered">
      <failure message="Cannot read properties of undefined (reading &apos;getForgotPasswordForm&apos;)" type="TypeError"><![CDATA[TypeError: Cannot read properties of undefined (reading 'getForgotPasswordForm')
    at Context.eval (webpack:///./cypress/e2e/smokeTest/logInPageSpec.cy.js:40:23)]]></failure>
    </testcase>
    <testcase name="LogIn test suit TC_01.05 &gt;Verify that User is not able to sent a password reset email to the Invalid email address entered" time="0.000" classname="TC_01.05 &gt;Verify that User is not able to sent a password reset email to the Invalid email address entered">
      <failure message="Cannot read properties of undefined (reading &apos;getForgottenOkBtn&apos;)" type="TypeError"><![CDATA[TypeError: Cannot read properties of undefined (reading 'getForgottenOkBtn')
    at Context.eval (webpack:///./cypress/e2e/smokeTest/logInPageSpec.cy.js:51:23)]]></failure>
    </testcase>
    <testcase name="LogIn test suit TC_01.20 &gt; Verify that Login button is disabled When Password is not filled in" time="0.000" classname="TC_01.20 &gt; Verify that Login button is disabled When Password is not filled in">
      <failure message="Cannot read properties of undefined (reading &apos;getLogInBtn&apos;)" type="TypeError"><![CDATA[TypeError: Cannot read properties of undefined (reading 'getLogInBtn')
    at Context.eval (webpack:///./cypress/e2e/smokeTest/logInPageSpec.cy.js:56:23)]]></failure>
    </testcase>
    <testcase name="LogIn test suit TC_01.21 &gt; Verify that Login button is disabled When Email is not filled in" time="0.000" classname="TC_01.21 &gt; Verify that Login button is disabled When Email is not filled in">
      <failure message="Cannot read properties of undefined (reading &apos;getLogInBtn&apos;)" type="TypeError"><![CDATA[TypeError: Cannot read properties of undefined (reading 'getLogInBtn')
    at Context.eval (webpack:///./cypress/e2e/smokeTest/logInPageSpec.cy.js:61:23)]]></failure>
    </testcase>
  </testsuite>
</testsuites>